<?xml version="1.0" encoding="UTF-8"?>
<!-- Generated by org.testng.reporters.JUnitReportReporter -->
<testsuite hostname="DESKTOP-E4E5DC2" failures="0" tests="1" name="Zerodha.Kite.Launch" time="3.830" errors="0" timestamp="2021-06-21T08:17:23 IST" skipped="0">
  <testcase classname="Zerodha.Kite.Launch" name="launchKite" time="3.830"/>
  <system-out/>
</testsuite> <!-- Zerodha.Kite.Launch -->
