<?xml version="1.0" encoding="UTF-8"?>
<!-- Generated by org.testng.reporters.JUnitReportReporter -->
<testsuite hostname="DESKTOP-E4E5DC2" failures="0" tests="1" name="Zerodha.Kite.Launch" time="2.293" errors="0" timestamp="2021-06-21T10:59:17 IST" skipped="0">
  <testcase classname="Zerodha.Kite.Launch" name="launchKite" time="2.293"/>
  <system-out/>
</testsuite> <!-- Zerodha.Kite.Launch -->
